  
title="coot 0.8.1: Raster3D output"
Rendered raster size =    900 x    900
  Output raster size =    600 x    600

 %%%%%%%%%%%%%%%%%%%%%%%%%%%%%%%%%%%%%%%%%%%%%%%%%%%%%%%%%%%%%%%%
 %                      Raster3D    V3.0.3                      %
 %            --------------------------------------            %
 % If you publish figures generated by this program please cite %
 %   Merritt & Bacon (1997)  Meth. Enzymol. 277, 505-524.       %
 %            --------------------------------------            %
 %                  Raster3D distribution site                  %
 %          http://www.bmsc.washington.edu/raster3d/            %
 % comments & suggestions to:          merritt@u.washington.edu %
 %%%%%%%%%%%%%%%%%%%%%%%%%%%%%%%%%%%%%%%%%%%%%%%%%%%%%%%%%%%%%%%%

 To center objects in rendered scene, change translation to:
    7.5411   20.9851   10.3588
 Z limits (unscaled) before clipping:    -27.12     25.53
 Z-clipping limits:                       -9.00      3.00
 Fog (linear) limits, density:            -9.00      3.00      1.00
 -------------------------------
  spheres           =     748
  cylinders         =   14841
  Z-clipped objects =   13419
  total objects     =   15589
 -------------------------------
rendering time -     1 sec
