MTZ                   C 2 2 21     (52.74, 149.04, 79.75,  90, 90, 90)
dimple_model.pdb      C 2 2 21     (52.76, 148.78, 79.79,  90, 90, 90)
  1 pointless        2.8s  resol. 2.00 A   #refl: 21690 -> 21578
    [h,k,l]    CC: 0.547    cell_deviation: 0.15
  2 truncate         0.3s   B=35.8
Generate free-R flags
  3 unique           0.4s  stdout:  100 lines
  4 freerflag        0.9s  stdout:  178 lines
  5 cad              0.6s  stdout:  469 lines
Rigid-body refinement with resolution 3.5 A, 10 cycles.
  6 refmac5 rigid   14.9s  10/10   R/Rfree  0.2330/0.2208  ->  0.2285/0.2177
No MR for R_free < 0.4
Final restrained refinement, 8 cycles.
  7 refmac5 restr   68.1s   8/8   R/Rfree  0.3115/0.3044  ->  0.2806/0.3092
  8 find-blobs       0.2s  Blob scores: 381 63 53 52
Rendering 2 largest blobs: at (-9.4, -31.2, 2.2) and at (-8.2, -26.0, 10.4)
  9 coot             5.7s  stdout:  359 lines                                
 10 render           0.7s   -> blob1v1.png
 11 render           0.6s   -> blob1v2.png
 12 render           0.6s   -> blob1v3.png
 13 render           0.9s   -> blob2v1.png
 14 render           0.8s   -> blob2v2.png
 15 render           0.8s   -> blob2v3.png
